==== START 28-02-2026  3:33:34.00 ==== 
Working dir: C:\Users\Bharath\cross_domain_logger 
Launch command with duration 2000 
vxlapi driver opened successfully
Skipping channel 0: xlGetApplConfig failed for app 'CANoe' channel 0: status 255 (XL_ERROR), and no wildcard channel mask available
Skipping channel 1: xlGetApplConfig failed for app 'CANoe' channel 1: status 255 (XL_ERROR), and no wildcard channel mask available
Skipping channel 2: xlGetApplConfig failed for app 'CANoe' channel 2: status 255 (XL_ERROR), and no wildcard channel mask available
Skipping channel 3: xlGetApplConfig failed for app 'CANoe' channel 3: status 255 (XL_ERROR), and no wildcard channel mask available
Skipping channel 4: xlGetApplConfig failed for app 'CANoe' channel 4: status 255 (XL_ERROR), and no wildcard channel mask available
Skipping channel 5: xlGetApplConfig failed for app 'CANoe' channel 5: status 255 (XL_ERROR), and no wildcard channel mask available
Skipping channel 6: xlGetApplConfig failed for app 'CANoe' channel 6: status 255 (XL_ERROR), and no wildcard channel mask available
Skipping channel 7: xlGetApplConfig failed for app 'CANoe' channel 7: status 255 (XL_ERROR), and no wildcard channel mask available
Skipping channel 8: xlGetApplConfig failed for app 'CANoe' channel 8: status 255 (XL_ERROR), and no wildcard channel mask available
Skipping channel 9: xlGetApplConfig failed for app 'CANoe' channel 9: status 255 (XL_ERROR), and no wildcard channel mask available
Skipping channel 10: xlGetApplConfig failed for app 'CANoe' channel 10: status 255 (XL_ERROR), and no wildcard channel mask available
Skipping channel 11: xlGetApplConfig failed for app 'CANoe' channel 11: status 255 (XL_ERROR), and no wildcard channel mask available
Skipping channel 12: xlGetApplConfig failed for app 'CANoe' channel 12: status 255 (XL_ERROR), and no wildcard channel mask available
Skipping channel 13: xlGetApplConfig failed for app 'CANoe' channel 13: status 255 (XL_ERROR), and no wildcard channel mask available
Skipping channel 14: xlGetApplConfig failed for app 'CANoe' channel 14: status 255 (XL_ERROR), and no wildcard channel mask available
Skipping channel 15: xlGetApplConfig failed for app 'CANoe' channel 15: status 255 (XL_ERROR), and no wildcard channel mask available
Skipping channel 16: xlGetApplConfig failed for app 'CANoe' channel 16: status 255 (XL_ERROR), and no wildcard channel mask available
Skipping channel 17: xlGetApplConfig failed for app 'CANoe' channel 17: status 255 (XL_ERROR), and no wildcard channel mask available
Skipping channel 18: xlGetApplConfig failed for app 'CANoe' channel 18: status 255 (XL_ERROR), and no wildcard channel mask available
Skipping channel 19: xlGetApplConfig failed for app 'CANoe' channel 19: status 255 (XL_ERROR), and no wildcard channel mask available
Skipping channel 20: xlGetApplConfig failed for app 'CANoe' channel 20: status 255 (XL_ERROR), and no wildcard channel mask available
Skipping channel 21: xlGetApplConfig failed for app 'CANoe' channel 21: status 255 (XL_ERROR), and no wildcard channel mask available
Skipping channel 22: xlGetApplConfig failed for app 'CANoe' channel 22: status 255 (XL_ERROR), and no wildcard channel mask available
Skipping channel 23: xlGetApplConfig failed for app 'CANoe' channel 23: status 255 (XL_ERROR), and no wildcard channel mask available
Skipping channel 24: xlGetApplConfig failed for app 'CANoe' channel 24: status 255 (XL_ERROR), and no wildcard channel mask available
Skipping channel 25: xlGetApplConfig failed for app 'CANoe' channel 25: status 255 (XL_ERROR), and no wildcard channel mask available
Skipping channel 26: xlGetApplConfig failed for app 'CANoe' channel 26: status 255 (XL_ERROR), and no wildcard channel mask available
Skipping channel 27: xlGetApplConfig failed for app 'CANoe' channel 27: status 255 (XL_ERROR), and no wildcard channel mask available
Skipping channel 28: xlGetApplConfig failed for app 'CANoe' channel 28: status 255 (XL_ERROR), and no wildcard channel mask available
Skipping channel 29: xlGetApplConfig failed for app 'CANoe' channel 29: status 255 (XL_ERROR), and no wildcard channel mask available
Skipping channel 30: xlGetApplConfig failed for app 'CANoe' channel 30: status 255 (XL_ERROR), and no wildcard channel mask available
Skipping channel 31: xlGetApplConfig failed for app 'CANoe' channel 31: status 255 (XL_ERROR), and no wildcard channel mask available
Skipping channel 32: xlGetApplConfig failed for app 'CANoe' channel 32: status 255 (XL_ERROR), and no wildcard channel mask available
Skipping channel 33: xlGetApplConfig failed for app 'CANoe' channel 33: status 255 (XL_ERROR), and no wildcard channel mask available
Skipping channel 34: xlGetApplConfig failed for app 'CANoe' channel 34: status 255 (XL_ERROR), and no wildcard channel mask available
Skipping channel 35: xlGetApplConfig failed for app 'CANoe' channel 35: status 255 (XL_ERROR), and no wildcard channel mask available
Skipping channel 36: xlGetApplConfig failed for app 'CANoe' channel 36: status 255 (XL_ERROR), and no wildcard channel mask available
Skipping channel 37: xlGetApplConfig failed for app 'CANoe' channel 37: status 255 (XL_ERROR), and no wildcard channel mask available
Skipping channel 38: xlGetApplConfig failed for app 'CANoe' channel 38: status 255 (XL_ERROR), and no wildcard channel mask available
Skipping channel 39: xlGetApplConfig failed for app 'CANoe' channel 39: status 255 (XL_ERROR), and no wildcard channel mask available
Skipping channel 40: xlGetApplConfig failed for app 'CANoe' channel 40: status 255 (XL_ERROR), and no wildcard channel mask available
Skipping channel 41: xlGetApplConfig failed for app 'CANoe' channel 41: status 255 (XL_ERROR), and no wildcard channel mask available
Skipping channel 42: xlGetApplConfig failed for app 'CANoe' channel 42: status 255 (XL_ERROR), and no wildcard channel mask available
Skipping channel 43: xlGetApplConfig failed for app 'CANoe' channel 43: status 255 (XL_ERROR), and no wildcard channel mask available
Skipping channel 44: xlGetApplConfig failed for app 'CANoe' channel 44: status 255 (XL_ERROR), and no wildcard channel mask available
Skipping channel 45: xlGetApplConfig failed for app 'CANoe' channel 45: status 255 (XL_ERROR), and no wildcard channel mask available
Skipping channel 46: xlGetApplConfig failed for app 'CANoe' channel 46: status 255 (XL_ERROR), and no wildcard channel mask available
Skipping channel 47: xlGetApplConfig failed for app 'CANoe' channel 47: status 255 (XL_ERROR), and no wildcard channel mask available
Skipping channel 48: xlGetApplConfig failed for app 'CANoe' channel 48: status 255 (XL_ERROR), and no wildcard channel mask available
Skipping channel 49: xlGetApplConfig failed for app 'CANoe' channel 49: status 255 (XL_ERROR), and no wildcard channel mask available
Skipping channel 50: xlGetApplConfig failed for app 'CANoe' channel 50: status 255 (XL_ERROR), and no wildcard channel mask available
Skipping channel 51: xlGetApplConfig failed for app 'CANoe' channel 51: status 255 (XL_ERROR), and no wildcard channel mask available
Skipping channel 52: xlGetApplConfig failed for app 'CANoe' channel 52: status 255 (XL_ERROR), and no wildcard channel mask available
Skipping channel 53: xlGetApplConfig failed for app 'CANoe' channel 53: status 255 (XL_ERROR), and no wildcard channel mask available
Skipping channel 54: xlGetApplConfig failed for app 'CANoe' channel 54: status 255 (XL_ERROR), and no wildcard channel mask available
Skipping channel 55: xlGetApplConfig failed for app 'CANoe' channel 55: status 255 (XL_ERROR), and no wildcard channel mask available
Skipping channel 56: xlGetApplConfig failed for app 'CANoe' channel 56: status 255 (XL_ERROR), and no wildcard channel mask available
Skipping channel 57: xlGetApplConfig failed for app 'CANoe' channel 57: status 255 (XL_ERROR), and no wildcard channel mask available
Skipping channel 58: xlGetApplConfig failed for app 'CANoe' channel 58: status 255 (XL_ERROR), and no wildcard channel mask available
Skipping channel 59: xlGetApplConfig failed for app 'CANoe' channel 59: status 255 (XL_ERROR), and no wildcard channel mask available
Skipping channel 60: xlGetApplConfig failed for app 'CANoe' channel 60: status 255 (XL_ERROR), and no wildcard channel mask available
Skipping channel 61: xlGetApplConfig failed for app 'CANoe' channel 61: status 255 (XL_ERROR), and no wildcard channel mask available
Skipping channel 62: xlGetApplConfig failed for app 'CANoe' channel 62: status 255 (XL_ERROR), and no wildcard channel mask available
Skipping channel 63: xlGetApplConfig failed for app 'CANoe' channel 63: status 255 (XL_ERROR), and no wildcard channel mask available
CAN listen-all error: No usable channels detected for capture
Capture completed successfully 
The system cannot find the file specified.
==== END OK 28-02-2026  3:33:34.18 ==== 
